[10-05-2017 16:34:09] Undefined variable: GET, W:\domains\mysite.local\index.php : 12
[10-05-2017 16:34:11] Undefined variable: GET, W:\domains\mysite.local\index.php : 12
[10-05-2017 16:34:12] Undefined variable: GET, W:\domains\mysite.local\index.php : 12
[10-05-2017 16:34:40] Undefined variable: GET, W:\domains\mysite.local\index.php : 12
[10-05-2017 16:46:53] Undefined variable: GET, W:\domains\mysite.local\index.php : 12
[10-05-2017 16:47:37] Undefined variable: GET, W:\domains\mysite.local\index.php : 12
[10-05-2017 16:49:47] Undefined variable: GET, W:\domains\mysite.local\index.php : 12
[10-05-2017 16:54:24] Undefined variable: GET, W:\domains\mysite.local\index.php : 12
[10-05-2017 16:54:24] require_once(/inc/index.php): failed to open stream: No such file or directory, W:\domains\mysite.local\index.php : 65
[10-05-2017 16:54:30] Undefined variable: GET, W:\domains\mysite.local\index.php : 12
[10-05-2017 16:54:30] require_once(/inc/index.php): failed to open stream: No such file or directory, W:\domains\mysite.local\index.php : 65
[10-05-2017 16:55:18] Undefined variable: GET, W:\domains\mysite.local\index.php : 12
[10-05-2017 16:55:26] Undefined variable: GET, W:\domains\mysite.local\index.php : 12
[10-05-2017 16:55:26] Undefined variable: GET, W:\domains\mysite.local\index.php : 12
[10-05-2017 16:57:02] Undefined variable: GET, W:\domains\mysite.local\index.php : 12
[10-05-2017 16:58:07] Undefined variable: GET, W:\domains\mysite.local\index.php : 12
[10-05-2017 17:13:35] Undefined variable: GET, W:\domains\mysite.local\index.php : 12
[10-05-2017 17:14:08] Undefined variable: GET, W:\domains\mysite.local\index.php : 12
[10-05-2017 17:14:13] Undefined variable: GET, W:\domains\mysite.local\index.php : 12
[11-05-2017 13:38:45] Undefined variable: GET, W:\domains\mysite.local\index.php : 12
[11-05-2017 15:15:13] Undefined variable: GET, W:\domains\mysite.local\index.php : 12
[11-05-2017 15:15:14] Undefined variable: GET, W:\domains\mysite.local\index.php : 12
[11-05-2017 15:15:16] Undefined variable: GET, W:\domains\mysite.local\index.php : 12
[11-05-2017 15:15:23] Undefined variable: GET, W:\domains\mysite.local\index.php : 12
[11-05-2017 15:15:24] Undefined variable: GET, W:\domains\mysite.local\index.php : 12
[11-05-2017 15:15:26] Undefined variable: GET, W:\domains\mysite.local\index.php : 12
[11-05-2017 15:15:27] Undefined variable: GET, W:\domains\mysite.local\index.php : 12
[11-05-2017 15:16:09] Undefined variable: GET, W:\domains\mysite.local\index.php : 12
[11-05-2017 15:16:10] Undefined variable: GET, W:\domains\mysite.local\index.php : 12
[11-05-2017 15:16:11] Undefined variable: GET, W:\domains\mysite.local\index.php : 12
[11-05-2017 15:16:12] Undefined variable: GET, W:\domains\mysite.local\index.php : 12
[11-05-2017 15:16:13] Undefined variable: GET, W:\domains\mysite.local\index.php : 12
[11-05-2017 15:16:14] Undefined variable: GET, W:\domains\mysite.local\index.php : 12
[11-05-2017 15:16:15] Undefined variable: GET, W:\domains\mysite.local\index.php : 12
[11-05-2017 15:16:16] Undefined variable: GET, W:\domains\mysite.local\index.php : 12
[11-05-2017 15:16:17] Undefined variable: GET, W:\domains\mysite.local\index.php : 12
[11-05-2017 15:16:56] Undefined variable: GET, W:\domains\mysite.local\index.php : 12
[11-05-2017 15:16:57] Undefined variable: GET, W:\domains\mysite.local\index.php : 12
[11-05-2017 15:16:58] Undefined variable: GET, W:\domains\mysite.local\index.php : 12
[11-05-2017 15:16:59] Undefined variable: GET, W:\domains\mysite.local\index.php : 12
[11-05-2017 15:16:59] Undefined variable: GET, W:\domains\mysite.local\index.php : 12
[11-05-2017 15:17:00] Undefined variable: GET, W:\domains\mysite.local\index.php : 12
[11-05-2017 15:17:01] Undefined variable: GET, W:\domains\mysite.local\index.php : 12
[11-05-2017 15:17:02] Undefined variable: GET, W:\domains\mysite.local\index.php : 12
[11-05-2017 15:17:09] Undefined variable: GET, W:\domains\mysite.local\index.php : 12
[11-05-2017 15:17:10] Undefined variable: GET, W:\domains\mysite.local\index.php : 12
[11-05-2017 15:18:14] Undefined variable: GET, W:\domains\mysite.local\index.php : 12
[11-05-2017 15:18:14] Undefined variable: GET, W:\domains\mysite.local\index.php : 12
[11-05-2017 15:18:15] Undefined variable: GET, W:\domains\mysite.local\index.php : 12
[11-05-2017 15:18:16] Undefined variable: GET, W:\domains\mysite.local\index.php : 12
[11-05-2017 15:18:16] Undefined variable: GET, W:\domains\mysite.local\index.php : 12
[11-05-2017 15:18:16] Undefined variable: GET, W:\domains\mysite.local\index.php : 12
[11-05-2017 15:18:17] Undefined variable: GET, W:\domains\mysite.local\index.php : 12
[11-05-2017 15:18:17] Undefined variable: GET, W:\domains\mysite.local\index.php : 12
[11-05-2017 15:18:18] Undefined variable: GET, W:\domains\mysite.local\index.php : 12
[11-05-2017 15:18:18] Undefined variable: GET, W:\domains\mysite.local\index.php : 12
[11-05-2017 15:18:19] Undefined variable: GET, W:\domains\mysite.local\index.php : 12
[11-05-2017 15:18:39] Undefined variable: GET, W:\domains\mysite.local\index.php : 12
[11-05-2017 15:18:40] Undefined variable: GET, W:\domains\mysite.local\index.php : 12
[11-05-2017 15:18:41] Undefined variable: GET, W:\domains\mysite.local\index.php : 12
[11-05-2017 15:18:41] Undefined variable: GET, W:\domains\mysite.local\index.php : 12
[11-05-2017 15:19:36] Undefined index: id, W:\domains\mysite.local\index.php : 12
[11-05-2017 15:19:38] Undefined variable: cols, W:\domains\mysite.local\table.php : 9
[11-05-2017 15:19:38] Undefined variable: border, W:\domains\mysite.local\inc\lib.ink.php : 48
[11-05-2017 15:19:38] Undefined variable: border, W:\domains\mysite.local\inc\lib.ink.php : 48
[11-05-2017 15:19:39] Undefined variable: cols, W:\domains\mysite.local\table.php : 9
[11-05-2017 15:19:39] Undefined variable: border, W:\domains\mysite.local\inc\lib.ink.php : 48
[11-05-2017 15:19:39] Undefined variable: border, W:\domains\mysite.local\inc\lib.ink.php : 48
[11-05-2017 15:19:47] Undefined variable: GET, W:\domains\mysite.local\index.php : 12
[11-05-2017 15:20:09] Undefined variable: GET, W:\domains\mysite.local\index.php : 12
[11-05-2017 15:20:12] Undefined variable: GET, W:\domains\mysite.local\index.php : 12
[11-05-2017 15:50:25] Undefined variable: cols, W:\domains\mysite.local\table.php : 9
[11-05-2017 15:50:26] Undefined variable: border, W:\domains\mysite.local\inc\lib.ink.php : 48
[11-05-2017 15:50:26] Undefined variable: border, W:\domains\mysite.local\inc\lib.ink.php : 48
[11-05-2017 15:50:30] Undefined variable: cols, W:\domains\mysite.local\table.php : 9
[11-05-2017 15:50:30] Undefined variable: border, W:\domains\mysite.local\inc\lib.ink.php : 48
[11-05-2017 15:50:30] Undefined variable: border, W:\domains\mysite.local\inc\lib.ink.php : 48
[11-05-2017 15:50:33] Undefined index: id, W:\domains\mysite.local\index.php : 12
[11-05-2017 15:50:47] Undefined index: id, W:\domains\mysite.local\index.php : 12
[11-05-2017 15:50:56] Undefined variable: cols, W:\domains\mysite.local\table.php : 9
[11-05-2017 15:50:56] Undefined variable: border, W:\domains\mysite.local\inc\lib.ink.php : 48
[11-05-2017 15:50:56] Undefined variable: border, W:\domains\mysite.local\inc\lib.ink.php : 48
[11-05-2017 15:51:00] Undefined variable: cols, W:\domains\mysite.local\table.php : 9
[11-05-2017 15:51:00] Undefined variable: border, W:\domains\mysite.local\inc\lib.ink.php : 48
[11-05-2017 15:51:00] Undefined variable: border, W:\domains\mysite.local\inc\lib.ink.php : 48
[12-05-2017 12:46:35] Undefined index: id, W:\domains\mysite.local\index.php : 12
[12-05-2017 12:46:38] Undefined index: id, W:\domains\mysite.local\index.php : 12
[12-05-2017 12:46:55] Undefined variable: cols, W:\domains\mysite.local\table.php : 9
[12-05-2017 12:46:55] Undefined variable: border, W:\domains\mysite.local\inc\lib.ink.php : 48
[12-05-2017 12:46:55] Undefined variable: border, W:\domains\mysite.local\inc\lib.ink.php : 48
[12-05-2017 12:47:09] Undefined variable: cols, W:\domains\mysite.local\table.php : 9
[12-05-2017 12:47:09] Undefined variable: border, W:\domains\mysite.local\inc\lib.ink.php : 48
[12-05-2017 12:47:09] Undefined variable: border, W:\domains\mysite.local\inc\lib.ink.php : 48
[12-05-2017 12:47:12] Undefined variable: cols, W:\domains\mysite.local\table.php : 9
[12-05-2017 12:47:12] Undefined variable: border, W:\domains\mysite.local\inc\lib.ink.php : 48
[12-05-2017 12:47:12] Undefined variable: border, W:\domains\mysite.local\inc\lib.ink.php : 48
[12-05-2017 12:47:16] Undefined index: id, W:\domains\mysite.local\index.php : 12
[12-05-2017 12:52:49] Undefined variable: cols, W:\domains\mysite.local\table.php : 9
[12-05-2017 12:52:49] Undefined variable: border, W:\domains\mysite.local\inc\lib.ink.php : 48
[12-05-2017 12:52:49] Undefined variable: border, W:\domains\mysite.local\inc\lib.ink.php : 48
[12-05-2017 12:52:51] Undefined variable: cols, W:\domains\mysite.local\table.php : 9
[12-05-2017 12:52:51] Undefined variable: border, W:\domains\mysite.local\inc\lib.ink.php : 48
[12-05-2017 12:52:51] Undefined variable: border, W:\domains\mysite.local\inc\lib.ink.php : 48
[12-05-2017 12:53:06] Undefined variable: POST, W:\domains\mysite.local\table.php : 4
[12-05-2017 12:53:06] Undefined variable: POST, W:\domains\mysite.local\table.php : 5
[12-05-2017 12:53:06] Undefined variable: POST, W:\domains\mysite.local\table.php : 6
[12-05-2017 12:53:06] Undefined variable: border, W:\domains\mysite.local\inc\lib.ink.php : 48
[12-05-2017 12:53:06] Undefined variable: border, W:\domains\mysite.local\inc\lib.ink.php : 48
[12-05-2017 12:53:55] Undefined variable: cols, W:\domains\mysite.local\table.php : 9
[12-05-2017 12:53:55] Undefined variable: border, W:\domains\mysite.local\inc\lib.ink.php : 48
[12-05-2017 12:53:55] Undefined variable: border, W:\domains\mysite.local\inc\lib.ink.php : 48
[12-05-2017 12:53:57] Undefined index: id, W:\domains\mysite.local\index.php : 12
[12-05-2017 12:54:04] Undefined variable: cols, W:\domains\mysite.local\table.php : 9
[12-05-2017 12:54:04] Undefined variable: border, W:\domains\mysite.local\inc\lib.ink.php : 48
[12-05-2017 12:54:04] Undefined variable: border, W:\domains\mysite.local\inc\lib.ink.php : 48
[12-05-2017 12:54:11] Undefined variable: cols, W:\domains\mysite.local\table.php : 9
[12-05-2017 12:54:11] Undefined variable: border, W:\domains\mysite.local\inc\lib.ink.php : 48
[12-05-2017 12:54:11] Undefined variable: border, W:\domains\mysite.local\inc\lib.ink.php : 48
[12-05-2017 14:06:55] Undefined variable: cols, W:\domains\mysite.local\table.php : 9
[12-05-2017 14:06:56] Undefined variable: border, W:\domains\mysite.local\inc\lib.ink.php : 48
[12-05-2017 14:06:56] Undefined variable: border, W:\domains\mysite.local\inc\lib.ink.php : 48
[12-05-2017 14:10:31] Undefined variable: cols, W:\domains\mysite.local\table.php : 9
[12-05-2017 14:10:31] Undefined variable: border, W:\domains\mysite.local\inc\lib.ink.php : 48
[12-05-2017 14:10:31] Undefined variable: border, W:\domains\mysite.local\inc\lib.ink.php : 48
[12-05-2017 14:10:39] Undefined variable: POST, W:\domains\mysite.local\table.php : 4
[12-05-2017 14:10:39] Undefined variable: POST, W:\domains\mysite.local\table.php : 5
[12-05-2017 14:10:39] Undefined variable: POST, W:\domains\mysite.local\table.php : 6
[12-05-2017 14:10:39] Undefined variable: border, W:\domains\mysite.local\inc\lib.ink.php : 48
[12-05-2017 14:10:39] Undefined variable: border, W:\domains\mysite.local\inc\lib.ink.php : 48
[12-05-2017 14:10:55] Undefined variable: POST, W:\domains\mysite.local\table.php : 4
[12-05-2017 14:10:55] Undefined variable: POST, W:\domains\mysite.local\table.php : 5
[12-05-2017 14:10:55] Undefined variable: POST, W:\domains\mysite.local\table.php : 6
[12-05-2017 14:10:55] Undefined variable: POST, W:\domains\mysite.local\table.php : 19
[12-05-2017 14:10:55] Undefined variable: POST, W:\domains\mysite.local\table.php : 23
[12-05-2017 14:10:55] Undefined variable: POST, W:\domains\mysite.local\table.php : 27
[12-05-2017 14:10:55] Undefined variable: border, W:\domains\mysite.local\inc\lib.ink.php : 48
[12-05-2017 14:10:55] Undefined variable: border, W:\domains\mysite.local\inc\lib.ink.php : 48
[12-05-2017 14:11:17] Undefined variable: POST, W:\domains\mysite.local\table.php : 4
[12-05-2017 14:11:17] Undefined variable: POST, W:\domains\mysite.local\table.php : 5
[12-05-2017 14:11:17] Undefined variable: POST, W:\domains\mysite.local\table.php : 6
[12-05-2017 14:11:17] Undefined variable: POST, W:\domains\mysite.local\table.php : 19
[12-05-2017 14:11:17] Undefined variable: POST, W:\domains\mysite.local\table.php : 23
[12-05-2017 14:11:17] Undefined variable: POST, W:\domains\mysite.local\table.php : 27
[12-05-2017 14:11:17] Undefined variable: border, W:\domains\mysite.local\inc\lib.ink.php : 48
[12-05-2017 14:11:17] Undefined variable: border, W:\domains\mysite.local\inc\lib.ink.php : 48
[12-05-2017 14:11:18] Undefined variable: POST, W:\domains\mysite.local\table.php : 4
[12-05-2017 14:11:18] Undefined variable: POST, W:\domains\mysite.local\table.php : 5
[12-05-2017 14:11:18] Undefined variable: POST, W:\domains\mysite.local\table.php : 6
[12-05-2017 14:11:18] Undefined variable: POST, W:\domains\mysite.local\table.php : 19
[12-05-2017 14:11:18] Undefined variable: POST, W:\domains\mysite.local\table.php : 23
[12-05-2017 14:11:18] Undefined variable: POST, W:\domains\mysite.local\table.php : 27
[12-05-2017 14:11:18] Undefined variable: border, W:\domains\mysite.local\inc\lib.ink.php : 48
[12-05-2017 14:11:18] Undefined variable: border, W:\domains\mysite.local\inc\lib.ink.php : 48
[12-05-2017 14:12:17] Undefined variable: POST, W:\domains\mysite.local\table.php : 4
[12-05-2017 14:12:17] Undefined variable: POST, W:\domains\mysite.local\table.php : 5
[12-05-2017 14:12:17] Undefined variable: POST, W:\domains\mysite.local\table.php : 6
[12-05-2017 14:12:17] Undefined variable: POST, W:\domains\mysite.local\table.php : 23
[12-05-2017 14:12:17] Undefined variable: POST, W:\domains\mysite.local\table.php : 27
[12-05-2017 14:12:17] Undefined variable: border, W:\domains\mysite.local\inc\lib.ink.php : 48
[12-05-2017 14:12:17] Undefined variable: border, W:\domains\mysite.local\inc\lib.ink.php : 48
[12-05-2017 14:12:24] Undefined variable: POST, W:\domains\mysite.local\table.php : 4
[12-05-2017 14:12:24] Undefined variable: POST, W:\domains\mysite.local\table.php : 5
[12-05-2017 14:12:24] Undefined variable: POST, W:\domains\mysite.local\table.php : 6
[12-05-2017 14:12:24] Undefined variable: POST, W:\domains\mysite.local\table.php : 23
[12-05-2017 14:12:24] Undefined variable: POST, W:\domains\mysite.local\table.php : 27
[12-05-2017 14:12:24] Undefined variable: border, W:\domains\mysite.local\inc\lib.ink.php : 48
[12-05-2017 14:12:24] Undefined variable: border, W:\domains\mysite.local\inc\lib.ink.php : 48
[12-05-2017 14:13:41] Undefined variable: POST, W:\domains\mysite.local\table.php : 4
[12-05-2017 14:13:41] Undefined variable: POST, W:\domains\mysite.local\table.php : 5
[12-05-2017 14:13:41] Undefined variable: POST, W:\domains\mysite.local\table.php : 6
[12-05-2017 14:13:41] Undefined variable: POST, W:\domains\mysite.local\table.php : 23
[12-05-2017 14:13:41] Undefined variable: POST, W:\domains\mysite.local\table.php : 27
[12-05-2017 14:13:41] Undefined variable: border, W:\domains\mysite.local\inc\lib.ink.php : 48
[12-05-2017 14:13:41] Undefined variable: border, W:\domains\mysite.local\inc\lib.ink.php : 48
[12-05-2017 14:14:03] Undefined variable: POST, W:\domains\mysite.local\table.php : 4
[12-05-2017 14:14:03] Undefined variable: POST, W:\domains\mysite.local\table.php : 5
[12-05-2017 14:14:03] Undefined variable: POST, W:\domains\mysite.local\table.php : 6
[12-05-2017 14:14:03] Undefined variable: POST, W:\domains\mysite.local\table.php : 23
[12-05-2017 14:14:03] Undefined variable: POST, W:\domains\mysite.local\table.php : 27
[12-05-2017 14:14:03] Undefined variable: border, W:\domains\mysite.local\inc\lib.ink.php : 48
[12-05-2017 14:14:03] Undefined variable: border, W:\domains\mysite.local\inc\lib.ink.php : 48
[12-05-2017 14:14:59] Undefined variable: POST, W:\domains\mysite.local\table.php : 4
[12-05-2017 14:14:59] Undefined variable: POST, W:\domains\mysite.local\table.php : 5
[12-05-2017 14:14:59] Undefined variable: POST, W:\domains\mysite.local\table.php : 6
[12-05-2017 14:14:59] Undefined variable: POST, W:\domains\mysite.local\table.php : 23
[12-05-2017 14:14:59] Undefined variable: POST, W:\domains\mysite.local\table.php : 27
[12-05-2017 14:14:59] Undefined variable: border, W:\domains\mysite.local\inc\lib.ink.php : 48
[12-05-2017 14:14:59] Undefined variable: border, W:\domains\mysite.local\inc\lib.ink.php : 48
[12-05-2017 14:15:09] Undefined variable: POST, W:\domains\mysite.local\table.php : 4
[12-05-2017 14:15:09] Undefined variable: POST, W:\domains\mysite.local\table.php : 5
[12-05-2017 14:15:09] Undefined variable: POST, W:\domains\mysite.local\table.php : 6
[12-05-2017 14:15:09] Undefined variable: POST, W:\domains\mysite.local\table.php : 23
[12-05-2017 14:15:09] Undefined variable: POST, W:\domains\mysite.local\table.php : 27
[12-05-2017 14:15:09] Undefined variable: border, W:\domains\mysite.local\inc\lib.ink.php : 48
[12-05-2017 14:15:09] Undefined variable: border, W:\domains\mysite.local\inc\lib.ink.php : 48
[12-05-2017 14:15:12] Undefined variable: POST, W:\domains\mysite.local\table.php : 4
[12-05-2017 14:15:12] Undefined variable: POST, W:\domains\mysite.local\table.php : 5
[12-05-2017 14:15:12] Undefined variable: POST, W:\domains\mysite.local\table.php : 6
[12-05-2017 14:15:12] Undefined variable: POST, W:\domains\mysite.local\table.php : 23
[12-05-2017 14:15:12] Undefined variable: POST, W:\domains\mysite.local\table.php : 27
[12-05-2017 14:15:12] Undefined variable: border, W:\domains\mysite.local\inc\lib.ink.php : 48
[12-05-2017 14:15:12] Undefined variable: border, W:\domains\mysite.local\inc\lib.ink.php : 48
[12-05-2017 14:17:08] Undefined variable: POST, W:\domains\mysite.local\table.php : 23
[12-05-2017 14:17:08] Undefined variable: POST, W:\domains\mysite.local\table.php : 27
[12-05-2017 14:17:08] Undefined variable: border, W:\domains\mysite.local\inc\lib.ink.php : 48
[12-05-2017 14:17:08] Undefined variable: border, W:\domains\mysite.local\inc\lib.ink.php : 48
[12-05-2017 14:17:18] Undefined variable: POST, W:\domains\mysite.local\table.php : 23
[12-05-2017 14:17:18] Undefined variable: POST, W:\domains\mysite.local\table.php : 27
[12-05-2017 14:17:18] Undefined variable: border, W:\domains\mysite.local\inc\lib.ink.php : 48
[12-05-2017 14:17:18] Undefined variable: border, W:\domains\mysite.local\inc\lib.ink.php : 48
[12-05-2017 14:17:49] Undefined variable: POST, W:\domains\mysite.local\table.php : 23
[12-05-2017 14:17:49] Undefined variable: POST, W:\domains\mysite.local\table.php : 27
[12-05-2017 14:17:49] Undefined variable: border, W:\domains\mysite.local\inc\lib.ink.php : 48
[12-05-2017 14:17:49] Undefined variable: border, W:\domains\mysite.local\inc\lib.ink.php : 48
[12-05-2017 14:18:26] Undefined variable: border, W:\domains\mysite.local\inc\lib.ink.php : 48
[12-05-2017 14:18:26] Undefined variable: border, W:\domains\mysite.local\inc\lib.ink.php : 48
[12-05-2017 14:18:43] Undefined variable: border, W:\domains\mysite.local\inc\lib.ink.php : 48
[12-05-2017 14:18:43] Undefined variable: border, W:\domains\mysite.local\inc\lib.ink.php : 48
[12-05-2017 14:18:51] Undefined variable: border, W:\domains\mysite.local\inc\lib.ink.php : 48
[12-05-2017 14:18:51] Undefined variable: border, W:\domains\mysite.local\inc\lib.ink.php : 48
[12-05-2017 14:18:53] Undefined variable: border, W:\domains\mysite.local\inc\lib.ink.php : 48
[12-05-2017 14:18:53] Undefined variable: border, W:\domains\mysite.local\inc\lib.ink.php : 48
[12-05-2017 14:18:55] Undefined variable: border, W:\domains\mysite.local\inc\lib.ink.php : 48
[12-05-2017 14:18:55] Undefined variable: border, W:\domains\mysite.local\inc\lib.ink.php : 48
[12-05-2017 15:41:32] Undefined index: id, W:\domains\mysite.local\index.php : 12
[12-05-2017 15:41:39] Undefined variable: cols, W:\domains\mysite.local\table.php : 9
[12-05-2017 15:41:39] Undefined variable: rows, W:\domains\mysite.local\table.php : 10
[12-05-2017 15:41:39] Undefined variable: color, W:\domains\mysite.local\table.php : 11
[12-05-2017 15:41:39] Undefined variable: POST, W:\domains\mysite.local\table.php : 27
[12-05-2017 15:41:39] Undefined variable: border, W:\domains\mysite.local\inc\lib.ink.php : 48
[12-05-2017 15:41:39] Undefined variable: border, W:\domains\mysite.local\inc\lib.ink.php : 48
[12-05-2017 15:41:43] Undefined variable: cols, W:\domains\mysite.local\table.php : 9
[12-05-2017 15:41:43] Undefined variable: rows, W:\domains\mysite.local\table.php : 10
[12-05-2017 15:41:43] Undefined variable: color, W:\domains\mysite.local\table.php : 11
[12-05-2017 15:41:43] Undefined variable: POST, W:\domains\mysite.local\table.php : 27
[12-05-2017 15:41:43] Undefined variable: border, W:\domains\mysite.local\inc\lib.ink.php : 48
[12-05-2017 15:41:43] Undefined variable: border, W:\domains\mysite.local\inc\lib.ink.php : 48
[12-05-2017 15:41:50] Undefined variable: POST, W:\domains\mysite.local\table.php : 27
[12-05-2017 15:41:50] Undefined variable: border, W:\domains\mysite.local\inc\lib.ink.php : 48
[12-05-2017 15:41:50] Undefined variable: border, W:\domains\mysite.local\inc\lib.ink.php : 48
[12-05-2017 15:42:07] Undefined variable: POST, W:\domains\mysite.local\table.php : 27
[12-05-2017 15:42:07] Undefined variable: border, W:\domains\mysite.local\inc\lib.ink.php : 48
[12-05-2017 15:42:07] Undefined variable: border, W:\domains\mysite.local\inc\lib.ink.php : 48
[12-05-2017 15:42:17] Undefined variable: cols, W:\domains\mysite.local\table.php : 9
[12-05-2017 15:42:17] Undefined variable: rows, W:\domains\mysite.local\table.php : 10
[12-05-2017 15:42:17] Undefined variable: color, W:\domains\mysite.local\table.php : 11
[12-05-2017 15:42:17] Undefined variable: POST, W:\domains\mysite.local\table.php : 27
[12-05-2017 15:42:17] Undefined variable: border, W:\domains\mysite.local\inc\lib.ink.php : 48
[12-05-2017 15:42:17] Undefined variable: border, W:\domains\mysite.local\inc\lib.ink.php : 48
[12-05-2017 15:42:22] Undefined index: id, W:\domains\mysite.local\index.php : 12
[12-05-2017 15:48:08] Undefined index: id, W:\domains\mysite.local\index.php : 12
[12-05-2017 15:52:55] Undefined variable: cols, W:\domains\mysite.local\table.php : 9
[12-05-2017 15:52:55] Undefined variable: rows, W:\domains\mysite.local\table.php : 10
[12-05-2017 15:52:55] Undefined variable: color, W:\domains\mysite.local\table.php : 11
[12-05-2017 15:52:55] Undefined variable: POST, W:\domains\mysite.local\table.php : 27
[12-05-2017 15:52:55] Undefined variable: border, W:\domains\mysite.local\inc\lib.ink.php : 48
[12-05-2017 15:52:55] Undefined variable: border, W:\domains\mysite.local\inc\lib.ink.php : 48
[12-05-2017 22:33:21] Undefined variable: cols, W:\domains\mysite.local\table.php : 9
[12-05-2017 22:33:21] Undefined variable: rows, W:\domains\mysite.local\table.php : 10
[12-05-2017 22:33:21] Undefined variable: color, W:\domains\mysite.local\table.php : 11
[12-05-2017 22:33:21] Undefined variable: POST, W:\domains\mysite.local\table.php : 27
[12-05-2017 22:33:21] Undefined variable: border, W:\domains\mysite.local\inc\lib.ink.php : 48
[12-05-2017 22:33:21] Undefined variable: border, W:\domains\mysite.local\inc\lib.ink.php : 48
[15-05-2017 12:32:31] Undefined index: id, W:\domains\mysite.local\index.php : 12
[15-05-2017 12:32:35] Undefined variable: cols, W:\domains\mysite.local\table.php : 9
[15-05-2017 12:32:35] Undefined variable: rows, W:\domains\mysite.local\table.php : 10
[15-05-2017 12:32:35] Undefined variable: color, W:\domains\mysite.local\table.php : 11
[15-05-2017 12:32:35] Undefined variable: POST, W:\domains\mysite.local\table.php : 27
[15-05-2017 12:32:35] Undefined variable: border, W:\domains\mysite.local\inc\lib.ink.php : 48
[15-05-2017 12:32:35] Undefined variable: border, W:\domains\mysite.local\inc\lib.ink.php : 48
[15-05-2017 13:02:37] Undefined variable: cols, W:\domains\mysite.local\table.php : 9
[15-05-2017 13:02:37] Undefined variable: rows, W:\domains\mysite.local\table.php : 10
[15-05-2017 13:02:37] Undefined variable: color, W:\domains\mysite.local\table.php : 11
[15-05-2017 13:02:37] Undefined variable: POST, W:\domains\mysite.local\table.php : 27
[15-05-2017 13:02:37] Undefined variable: border, W:\domains\mysite.local\inc\lib.ink.php : 48
[15-05-2017 13:02:37] Undefined variable: border, W:\domains\mysite.local\inc\lib.ink.php : 48
[18-05-2017 11:36:38] Undefined index: id, W:\domains\mysite.local\index.php : 12
[18-05-2017 11:37:46] Undefined index: id, W:\domains\mysite.local\index.php : 12
[18-05-2017 11:38:00] Undefined index: id, W:\domains\mysite.local\index.php : 12
[18-05-2017 11:40:49] Undefined index: id, W:\domains\mysite.local\index.php : 12
[18-05-2017 11:41:23] Undefined index: id, W:\domains\mysite.local\index.php : 12
[18-05-2017 11:50:14] Undefined index: id, W:\domains\mysite.local\index.php : 12
[18-05-2017 11:50:35] Undefined index: id, W:\domains\mysite.local\index.php : 12
[18-05-2017 11:50:38] Undefined index: id, W:\domains\mysite.local\index.php : 12
[18-05-2017 11:51:02] Undefined index: id, W:\domains\mysite.local\index.php : 12
[18-05-2017 11:53:37] Undefined index: id, W:\domains\mysite.local\index.php : 12
[18-05-2017 11:53:45] Undefined index: id, W:\domains\mysite.local\index.php : 12
[18-05-2017 12:08:23] Undefined index: id, W:\domains\mysite.local\index.php : 12
[18-05-2017 12:12:36] Undefined index: id, W:\domains\mysite.local\index.php : 12
[18-05-2017 12:12:37] Undefined index: id, W:\domains\mysite.local\index.php : 12
[18-05-2017 12:13:12] Undefined index: id, W:\domains\mysite.local\index.php : 12
[18-05-2017 12:14:57] Undefined index: id, W:\domains\mysite.local\index.php : 12
[18-05-2017 12:20:39] Undefined index: id, W:\domains\mysite.local\index.php : 12
[18-05-2017 12:20:58] Undefined index: id, W:\domains\mysite.local\index.php : 12
[18-05-2017 13:07:11] Undefined index: id, W:\domains\mysite.local\index.php : 12
[18-05-2017 13:07:30] Undefined index: id, W:\domains\mysite.local\index.php : 12
[18-05-2017 13:07:38] Undefined index: id, W:\domains\mysite.local\index.php : 12
[18-05-2017 13:07:58] Undefined index: id, W:\domains\mysite.local\index.php : 12
[18-05-2017 13:13:04] Undefined index: id, W:\domains\mysite.local\index.php : 12
[18-05-2017 13:13:18] Undefined index: id, W:\domains\mysite.local\index.php : 12
[18-05-2017 13:13:29] Undefined index: id, W:\domains\mysite.local\index.php : 12
[18-05-2017 13:13:55] Undefined index: id, W:\domains\mysite.local\index.php : 12
[18-05-2017 13:16:47] Undefined index: id, W:\domains\mysite.local\index.php : 12
[18-05-2017 13:18:24] Undefined index: id, W:\domains\mysite.local\index.php : 12
[18-05-2017 13:19:01] Undefined index: id, W:\domains\mysite.local\index.php : 12
[18-05-2017 13:23:12] Undefined index: id, W:\domains\mysite.local\index.php : 12
[18-05-2017 13:23:33] Undefined index: id, W:\domains\mysite.local\index.php : 12
[18-05-2017 13:29:18] Undefined index: id, W:\domains\mysite.local\index.php : 12
[18-05-2017 14:01:25] Use of undefined constant nan - assumed 'nan', W:\domains\mysite.local\inc\lib.ink.php : 64
[18-05-2017 14:01:44] Use of undefined constant nan - assumed 'nan', W:\domains\mysite.local\inc\lib.ink.php : 64
[18-05-2017 14:08:29] Undefined variable: POST, W:\domains\mysite.local\calc.php : 19
[18-05-2017 14:08:29] Undefined variable: POST, W:\domains\mysite.local\calc.php : 23
[18-05-2017 14:08:29] Undefined variable: POST, W:\domains\mysite.local\calc.php : 27
[18-05-2017 14:08:37] Undefined variable: POST, W:\domains\mysite.local\calc.php : 19
[18-05-2017 14:08:37] Undefined variable: POST, W:\domains\mysite.local\calc.php : 23
[18-05-2017 14:08:37] Undefined variable: POST, W:\domains\mysite.local\calc.php : 27
[18-05-2017 14:10:56] Undefined variable: cols, W:\domains\mysite.local\table.php : 9
[18-05-2017 14:10:56] Undefined variable: rows, W:\domains\mysite.local\table.php : 10
[18-05-2017 14:10:56] Undefined variable: color, W:\domains\mysite.local\table.php : 11
[18-05-2017 14:10:56] Undefined index: cols, W:\domains\mysite.local\table.php : 19
[18-05-2017 14:10:56] Undefined index: rows, W:\domains\mysite.local\table.php : 23
[18-05-2017 14:10:56] Undefined index: color, W:\domains\mysite.local\table.php : 27
[18-05-2017 14:10:56] Undefined variable: border, W:\domains\mysite.local\inc\lib.ink.php : 48
[18-05-2017 14:10:56] Undefined variable: border, W:\domains\mysite.local\inc\lib.ink.php : 48
[18-05-2017 14:11:03] Undefined variable: border, W:\domains\mysite.local\inc\lib.ink.php : 48
[18-05-2017 14:11:03] Undefined variable: border, W:\domains\mysite.local\inc\lib.ink.php : 48
[18-05-2017 14:11:08] Undefined variable: border, W:\domains\mysite.local\inc\lib.ink.php : 48
[18-05-2017 14:11:08] Undefined variable: border, W:\domains\mysite.local\inc\lib.ink.php : 48
[18-05-2017 14:11:13] Undefined variable: cols, W:\domains\mysite.local\table.php : 9
[18-05-2017 14:11:13] Undefined variable: rows, W:\domains\mysite.local\table.php : 10
[18-05-2017 14:11:13] Undefined variable: color, W:\domains\mysite.local\table.php : 11
[18-05-2017 14:11:13] Undefined index: cols, W:\domains\mysite.local\table.php : 19
[18-05-2017 14:11:13] Undefined index: rows, W:\domains\mysite.local\table.php : 23
[18-05-2017 14:11:13] Undefined index: color, W:\domains\mysite.local\table.php : 27
[18-05-2017 14:11:13] Undefined variable: border, W:\domains\mysite.local\inc\lib.ink.php : 48
[18-05-2017 14:11:13] Undefined variable: border, W:\domains\mysite.local\inc\lib.ink.php : 48
[18-05-2017 14:11:19] Undefined variable: border, W:\domains\mysite.local\inc\lib.ink.php : 48
[18-05-2017 14:11:19] Undefined variable: border, W:\domains\mysite.local\inc\lib.ink.php : 48
[18-05-2017 14:11:27] Undefined variable: num1, W:\domains\mysite.local\calc.php : 13
[18-05-2017 14:11:27] Undefined variable: num2, W:\domains\mysite.local\calc.php : 13
[18-05-2017 14:11:27] Undefined variable: operator, W:\domains\mysite.local\calc.php : 13
[18-05-2017 14:11:27] Undefined index: num1, W:\domains\mysite.local\calc.php : 19
[18-05-2017 14:11:27] Undefined index: operator, W:\domains\mysite.local\calc.php : 23
[18-05-2017 14:11:27] Undefined index: num2, W:\domains\mysite.local\calc.php : 27
[18-05-2017 22:19:52] Undefined index: id, W:\domains\mysite.local\index.php : 12
[18-05-2017 22:20:12] Undefined index: id, W:\domains\mysite.local\index.php : 12
[18-05-2017 22:20:25] Undefined index: id, W:\domains\mysite.local\index.php : 12
[19-05-2017 13:56:58] Undefined index: id, W:\domains\mysite.local\index.php : 12
[19-05-2017 13:57:11] Undefined variable: num1, W:\domains\mysite.local\calc.php : 13
[19-05-2017 13:57:11] Undefined variable: num2, W:\domains\mysite.local\calc.php : 13
[19-05-2017 13:57:11] Undefined variable: operator, W:\domains\mysite.local\calc.php : 13
[19-05-2017 13:57:11] Undefined index: num1, W:\domains\mysite.local\calc.php : 19
[19-05-2017 13:57:11] Undefined index: operator, W:\domains\mysite.local\calc.php : 23
[19-05-2017 13:57:11] Undefined index: num2, W:\domains\mysite.local\calc.php : 27
[23-05-2017 12:18:21] Undefined index: id, W:\domains\mysite.local\index.php : 12
[23-05-2017 12:34:46] Undefined index: id, W:\domains\mysite.local\index.php : 12
